warning: (ARCH_REQUIRE_GPIOLIB && PINCTRL_AT91 && PINCTRL_MTK_COMMON && PINCTRL_NOMADIK && MFD_TC6393XB && FB_VIA) selects GPIOLIB which has unmet direct dependencies (ARCH_WANT_OPTIONAL_GPIOLIB || ARCH_REQUIRE_GPIOLIB)
warning: (ARCH_REQUIRE_GPIOLIB && PINCTRL_AT91 && PINCTRL_MTK_COMMON && PINCTRL_NOMADIK && MFD_TC6393XB && FB_VIA) selects GPIOLIB which has unmet direct dependencies (ARCH_WANT_OPTIONAL_GPIOLIB || ARCH_REQUIRE_GPIOLIB)
arch/arm/kernel/irq.c: In function ‘migrate_irqs’:
arch/arm/kernel/irq.c:431:15: warning: unused variable ‘i’ [-Wunused-variable]
  unsigned int i;
               ^
arch/arm/kernel/smp.c: In function ‘secondary_start_kernel’:
arch/arm/kernel/smp.c:374:2: warning: ‘cpu’ is used uninitialized in this function [-Wuninitialized]
  aee_rr_rec_hoplug(cpu, 1, 0);
  ^
In file included from include/linux/printk.h:6:0,
                 from include/linux/kernel.h:13,
                 from include/linux/sched.h:17,
                 from kernel/kthread.c:8:
kernel/kthread.c: In function ‘__kthread_bind’:
include/linux/kern_levels.h:4:18: warning: format ‘%d’ expects argument of type ‘int’, but argument 8 has type ‘long unsigned int’ [-Wformat=]
 #define KERN_SOH "\001"  /* ASCII Start Of Header */
                  ^
include/linux/kern_levels.h:11:22: note: in expansion of macro ‘KERN_SOH’
 #define KERN_WARNING KERN_SOH "4" /* warning conditions */
                      ^
include/linux/printk.h:421:9: note: in expansion of macro ‘KERN_WARNING’
  printk(KERN_WARNING pr_fmt(fmt), ##__VA_ARGS__)
         ^
include/linux/printk.h:422:17: note: in expansion of macro ‘pr_warning’
 #define pr_warn pr_warning
                 ^
kernel/kthread.c:332:3: note: in expansion of macro ‘pr_warn’
   pr_warn("[%s] comm=%s pid=%d task_state=%lu cpu=%d state=%lu flag=%d\n",
   ^
fs/pstore/platform.c:371:13: warning: ‘pstore_console_write’ defined but not used [-Wunused-function]
 static void pstore_console_write(struct console *con, const char *s, unsigned c)
             ^
